<?xml version="1.0" encoding="UTF-8"?>
<!-- Generated by org.testng.reporters.JUnitReportReporter -->
<testsuite hostname="DESKTOP-I0LPMOT" failures="0" tests="2" name="Testngpack1.testngclass2" time="0.016" errors="0" timestamp="13 Mar 2019 18:25:55 GMT" skipped="0">
  <testcase classname="Testngpack1.testngclass2" name="testlogin" time="0.010"/>
  <testcase classname="Testngpack1.testngclass2" name="testlogout" time="0.006"/>
</testsuite> <!-- Testngpack1.testngclass2 -->
