<?xml version="1.0" encoding="UTF-8"?>
<!-- Generated by org.testng.reporters.JUnitReportReporter -->
<testsuite hostname="DESKTOP-I0LPMOT" failures="0" tests="2" name="testngclass1" time="0.025" errors="0" timestamp="30 Jan 2019 17:58:14 GMT" skipped="0">
  <testcase classname="testngclass1" name="testcase2" time="0.005"/>
  <testcase classname="testngclass1" name="testcase1" time="0.020"/>
</testsuite> <!-- testngclass1 -->
