<?xml version="1.0" encoding="UTF-8"?>
<!-- Generated by org.testng.reporters.JUnitReportReporter -->
<testsuite hostname="DESKTOP-I0LPMOT" failures="0" tests="2" name="Testngpack1.testngclass3" time="0.016" errors="0" timestamp="09 Feb 2019 14:47:29 GMT" skipped="0">
  <testcase classname="Testngpack1.testngclass3" name="testcase3" time="0.016"/>
  <testcase classname="Testngpack1.testngclass3" name="testcase4" time="0.000"/>
</testsuite> <!-- Testngpack1.testngclass3 -->
